<?xml version="1.0" encoding="UTF-8"?>
<testng-results ignored="0" total="1" passed="1" failed="0" skipped="0">
  <reporter-output>
  </reporter-output>
  <suite started-at="2024-09-26T18:36:13 IST" name="Default suite" finished-at="2024-09-26T18:36:28 IST" duration-ms="15029">
    <groups>
    </groups>
    <test started-at="2024-09-26T18:36:13 IST" name="Default test" finished-at="2024-09-26T18:36:28 IST" duration-ms="15029">
      <class name="Test_Package.Test_AddCart_Work">
        <test-method is-config="true" signature="setup()[pri:0, instance:Test_Package.Test_AddCart_Work@7161d8d1]" started-at="2024-09-26T18:36:13 IST" name="setup" finished-at="2024-09-26T18:36:15 IST" duration-ms="2004" status="PASS">
          <reporter-output>
          </reporter-output>
        </test-method> <!-- setup -->
        <test-method is-config="true" signature="url()[pri:0, instance:Test_Package.Test_AddCart_Work@7161d8d1]" started-at="2024-09-26T18:36:15 IST" name="url" finished-at="2024-09-26T18:36:19 IST" duration-ms="3673" status="PASS">
          <reporter-output>
          </reporter-output>
        </test-method> <!-- url -->
        <test-method signature="test()[pri:0, instance:Test_Package.Test_AddCart_Work@7161d8d1]" started-at="2024-09-26T18:36:19 IST" name="test" finished-at="2024-09-26T18:36:28 IST" duration-ms="9312" status="PASS">
          <reporter-output>
          </reporter-output>
        </test-method> <!-- test -->
      </class> <!-- Test_Package.Test_AddCart_Work -->
    </test> <!-- Default test -->
  </suite> <!-- Default suite -->
</testng-results>
